<?xml version="1.0" encoding="UTF-8"?>
<!-- Generated by org.testng.reporters.JUnitReportReporter -->
<testsuite hostname="SID" failures="0" tests="3" name="com.sid.automation.runners.TestRunner" time="16.934" errors="0" timestamp="2025-02-13T23:38:13 IST" skipped="0">
  <testcase classname="com.sid.automation.runners.TestRunner" name="runScenario" time="3.764"/>
  <testcase classname="com.sid.automation.runners.TestRunner" name="runScenario" time="9.225"/>
  <testcase classname="com.sid.automation.runners.TestRunner" name="runScenario" time="3.945"/>
</testsuite> <!-- com.sid.automation.runners.TestRunner -->
